<?xml version="1.0" encoding="UTF-8"?>
<!-- Generated by org.testng.reporters.JUnitReportReporter -->
<testsuite hostname="WIN-N9GTLT1ANT1" name="test.Framework" tests="1" failures="0" timestamp="10 Mar 2017 13:41:33 GMT" time="18.908" errors="0">
  <testcase name="googleScenario" time="18.908" classname="test.Framework"/>
</testsuite> <!-- test.Framework -->
